<?xml version="1.0" encoding="UTF-8"?>
<testsuite name="agh.ics.oop.Vector2dTest" tests="1" skipped="0" failures="0" errors="0" timestamp="2022-11-14T15:46:34" hostname="LAPTOP-HJ65CCOR" time="0.038">
  <properties/>
  <testcase name="opositeTest()" classname="agh.ics.oop.Vector2dTest" time="0.038"/>
  <system-out><![CDATA[]]></system-out>
  <system-err><![CDATA[]]></system-err>
</testsuite>
